<?xml version="1.0" encoding="UTF-8"?>
<testng-results ignored="0" total="1" passed="1" failed="0" skipped="0">
  <reporter-output>
  </reporter-output>
  <suite started-at="2023-06-07T10:28:27 IST" name="Default suite" finished-at="2023-06-07T10:29:28 IST" duration-ms="61397">
    <groups>
    </groups>
    <test started-at="2023-06-07T10:28:27 IST" name="Default test" finished-at="2023-06-07T10:29:28 IST" duration-ms="61397">
      <class name="mybasics.Alerts">
        <test-method is-config="true" signature="openurl()[pri:0, instance:mybasics.Alerts@3d680b5a]" started-at="2023-06-07T10:28:27 IST" name="openurl" finished-at="2023-06-07T10:29:21 IST" duration-ms="54269" status="PASS">
          <reporter-output>
          </reporter-output>
        </test-method> <!-- openurl -->
        <test-method signature="handlingalerts()[pri:0, instance:mybasics.Alerts@3d680b5a]" started-at="2023-06-07T10:29:21 IST" name="handlingalerts" finished-at="2023-06-07T10:29:28 IST" duration-ms="6851" status="PASS">
          <reporter-output>
          </reporter-output>
        </test-method> <!-- handlingalerts -->
        <test-method is-config="true" signature="afterTest()[pri:0, instance:mybasics.Alerts@3d680b5a]" started-at="2023-06-07T10:29:28 IST" name="afterTest" finished-at="2023-06-07T10:29:28 IST" duration-ms="0" status="PASS">
          <reporter-output>
          </reporter-output>
        </test-method> <!-- afterTest -->
      </class> <!-- mybasics.Alerts -->
    </test> <!-- Default test -->
  </suite> <!-- Default suite -->
</testng-results>
